<?xml version="1.0" encoding="UTF-8"?>
<testsuite name="org.apache.kafka.clients.producer.internals.BufferPoolTest" tests="5" skipped="0" failures="0" errors="0" timestamp="2015-03-27T21:35:05" hostname="airbears2-10-142-35-31.AirBears2.1918.Berkeley.EDU" time="0.51">
  <properties/>
  <testcase name="testSimple" classname="org.apache.kafka.clients.producer.internals.BufferPoolTest" time="0.001"/>
  <testcase name="testCantAllocateMoreMemoryThanWeHave" classname="org.apache.kafka.clients.producer.internals.BufferPoolTest" time="0.002"/>
  <testcase name="testNonblockingMode" classname="org.apache.kafka.clients.producer.internals.BufferPoolTest" time="0.001"/>
  <testcase name="testDelayedAllocation" classname="org.apache.kafka.clients.producer.internals.BufferPoolTest" time="0.002"/>
  <testcase name="testStressfulSituation" classname="org.apache.kafka.clients.producer.internals.BufferPoolTest" time="0.502"/>
  <system-out><![CDATA[]]></system-out>
  <system-err><![CDATA[]]></system-err>
</testsuite>
