<?xml version="1.0" encoding="UTF-8"?>
<testsuite name="kafka.server.ServerStartupTest" tests="2" skipped="0" failures="0" errors="0" timestamp="2015-03-27T21:44:58" hostname="airbears2-10-142-35-31.AirBears2.1918.Berkeley.EDU" time="2.908">
  <properties/>
  <testcase name="testConflictBrokerRegistration" classname="kafka.server.ServerStartupTest" time="2.053"/>
  <testcase name="testBrokerCreatesZKChroot" classname="kafka.server.ServerStartupTest" time="0.855"/>
  <system-out><![CDATA[]]></system-out>
  <system-err><![CDATA[]]></system-err>
</testsuite>
