# JRE version: Java(TM) SE Runtime Environment (7.0_51-b13) (build 1.7.0_51-b13)
# Java VM: Java HotSpot(TM) 64-Bit Server VM (24.51-b03 mixed mode bsd-amd64 compressed oops)
Heap
 par new generation   total 39296K, used 13458K [0x00000007dae00000, 0x00000007dd8a0000, 0x00000007e58a0000)
  eden space 34944K,  37% used [0x00000007dae00000, 0x00000007dbabaf30, 0x00000007dd020000)
  from space 4352K,   9% used [0x00000007dd020000, 0x00000007dd0899c0, 0x00000007dd460000)
  to   space 4352K,   0% used [0x00000007dd460000, 0x00000007dd460000, 0x00000007dd8a0000)
 concurrent mark-sweep generation total 87424K, used 4428K [0x00000007e58a0000, 0x00000007eae00000, 0x00000007fae00000)
 concurrent-mark-sweep perm gen total 21248K, used 18183K [0x00000007fae00000, 0x00000007fc2c0000, 0x0000000800000000)
GC Heap History (10 events):
Event: 5209.510 GC heap before
{Heap before GC invocations=7 (full 0):
 par new generation   total 39296K, used 36096K [0x00000007dae00000, 0x00000007dd8a0000, 0x00000007e58a0000)
  eden space 34944K, 100% used [0x00000007dae00000, 0x00000007dd020000, 0x00000007dd020000)
  from space 4352K,  26% used [0x00000007dd460000, 0x00000007dd580378, 0x00000007dd8a0000)
  to   space 4352K,   0% used [0x00000007dd020000, 0x00000007dd020000, 0x00000007dd460000)
 concurrent mark-sweep generation total 87424K, used 3980K [0x00000007e58a0000, 0x00000007eae00000, 0x00000007fae00000)
 concurrent-mark-sweep perm gen total 21248K, used 18121K [0x00000007fae00000, 0x00000007fc2c0000, 0x0000000800000000)
Event: 5209.514 GC heap after
Heap after GC invocations=8 (full 0):
 par new generation   total 39296K, used 1069K [0x00000007dae00000, 0x00000007dd8a0000, 0x00000007e58a0000)
  eden space 34944K,   0% used [0x00000007dae00000, 0x00000007dae00000, 0x00000007dd020000)
  from space 4352K,  24% used [0x00000007dd020000, 0x00000007dd12b660, 0x00000007dd460000)
  to   space 4352K,   0% used [0x00000007dd460000, 0x00000007dd460000, 0x00000007dd8a0000)
 concurrent mark-sweep generation total 87424K, used 3980K [0x00000007e58a0000, 0x00000007eae00000, 0x00000007fae00000)
 concurrent-mark-sweep perm gen total 21248K, used 18121K [0x00000007fae00000, 0x00000007fc2c0000, 0x0000000800000000)
}
Event: 5806.283 GC heap before
{Heap before GC invocations=8 (full 0):
 par new generation   total 39296K, used 36013K [0x00000007dae00000, 0x00000007dd8a0000, 0x00000007e58a0000)
  eden space 34944K, 100% used [0x00000007dae00000, 0x00000007dd020000, 0x00000007dd020000)
  from space 4352K,  24% used [0x00000007dd020000, 0x00000007dd12b660, 0x00000007dd460000)
  to   space 4352K,   0% used [0x00000007dd460000, 0x00000007dd460000, 0x00000007dd8a0000)
 concurrent mark-sweep generation total 87424K, used 3980K [0x00000007e58a0000, 0x00000007eae00000, 0x00000007fae00000)
 concurrent-mark-sweep perm gen total 21248K, used 18122K [0x00000007fae00000, 0x00000007fc2c0000, 0x0000000800000000)
Event: 5806.287 GC heap after
Heap after GC invocations=9 (full 0):
 par new generation   total 39296K, used 1275K [0x00000007dae00000, 0x00000007dd8a0000, 0x00000007e58a0000)
  eden space 34944K,   0% used [0x00000007dae00000, 0x00000007dae00000, 0x00000007dd020000)
  from space 4352K,  29% used [0x00000007dd460000, 0x00000007dd59ef00, 0x00000007dd8a0000)
  to   space 4352K,   0% used [0x00000007dd020000, 0x00000007dd020000, 0x00000007dd460000)
 concurrent mark-sweep generation total 87424K, used 4051K [0x00000007e58a0000, 0x00000007eae00000, 0x00000007fae00000)
 concurrent-mark-sweep perm gen total 21248K, used 18122K [0x00000007fae00000, 0x00000007fc2c0000, 0x0000000800000000)
}
Event: 6401.974 GC heap before
{Heap before GC invocations=9 (full 0):
 par new generation   total 39296K, used 36219K [0x00000007dae00000, 0x00000007dd8a0000, 0x00000007e58a0000)
  eden space 34944K, 100% used [0x00000007dae00000, 0x00000007dd020000, 0x00000007dd020000)
  from space 4352K,  29% used [0x00000007dd460000, 0x00000007dd59ef00, 0x00000007dd8a0000)
  to   space 4352K,   0% used [0x00000007dd020000, 0x00000007dd020000, 0x00000007dd460000)
 concurrent mark-sweep generation total 87424K, used 4051K [0x00000007e58a0000, 0x00000007eae00000, 0x00000007fae00000)
 concurrent-mark-sweep perm gen total 21248K, used 18126K [0x00000007fae00000, 0x00000007fc2c0000, 0x0000000800000000)
Event: 6401.978 GC heap after
Heap after GC invocations=10 (full 0):
 par new generation   total 39296K, used 540K [0x00000007dae00000, 0x00000007dd8a0000, 0x00000007e58a0000)
  eden space 34944K,   0% used [0x00000007dae00000, 0x00000007dae00000, 0x00000007dd020000)
  from space 4352K,  12% used [0x00000007dd020000, 0x00000007dd0a71b8, 0x00000007dd460000)
  to   space 4352K,   0% used [0x00000007dd460000, 0x00000007dd460000, 0x00000007dd8a0000)
 concurrent mark-sweep generation total 87424K, used 4425K [0x00000007e58a0000, 0x00000007eae00000, 0x00000007fae00000)
 concurrent-mark-sweep perm gen total 21248K, used 18126K [0x00000007fae00000, 0x00000007fc2c0000, 0x0000000800000000)
}
Event: 7002.371 GC heap before
{Heap before GC invocations=10 (full 0):
 par new generation   total 39296K, used 35484K [0x00000007dae00000, 0x00000007dd8a0000, 0x00000007e58a0000)
  eden space 34944K, 100% used [0x00000007dae00000, 0x00000007dd020000, 0x00000007dd020000)
  from space 4352K,  12% used [0x00000007dd020000, 0x00000007dd0a71b8, 0x00000007dd460000)
  to   space 4352K,   0% used [0x00000007dd460000, 0x00000007dd460000, 0x00000007dd8a0000)
 concurrent mark-sweep generation total 87424K, used 4425K [0x00000007e58a0000, 0x00000007eae00000, 0x00000007fae00000)
 concurrent-mark-sweep perm gen total 21248K, used 18128K [0x00000007fae00000, 0x00000007fc2c0000, 0x0000000800000000)
Event: 7002.373 GC heap after
Heap after GC invocations=11 (full 0):
 par new generation   total 39296K, used 439K [0x00000007dae00000, 0x00000007dd8a0000, 0x00000007e58a0000)
  eden space 34944K,   0% used [0x00000007dae00000, 0x00000007dae00000, 0x00000007dd020000)
  from space 4352K,  10% used [0x00000007dd460000, 0x00000007dd4cdec0, 0x00000007dd8a0000)
  to   space 4352K,   0% used [0x00000007dd020000, 0x00000007dd020000, 0x00000007dd460000)
 concurrent mark-sweep generation total 87424K, used 4426K [0x00000007e58a0000, 0x00000007eae00000, 0x00000007fae00000)
 concurrent-mark-sweep perm gen total 21248K, used 18128K [0x00000007fae00000, 0x00000007fc2c0000, 0x0000000800000000)
}
Event: 7593.419 GC heap before
{Heap before GC invocations=11 (full 0):
 par new generation   total 39296K, used 35383K [0x00000007dae00000, 0x00000007dd8a0000, 0x00000007e58a0000)
  eden space 34944K, 100% used [0x00000007dae00000, 0x00000007dd020000, 0x00000007dd020000)
  from space 4352K,  10% used [0x00000007dd460000, 0x00000007dd4cdec0, 0x00000007dd8a0000)
  to   space 4352K,   0% used [0x00000007dd020000, 0x00000007dd020000, 0x00000007dd460000)
 concurrent mark-sweep generation total 87424K, used 4426K [0x00000007e58a0000, 0x00000007eae00000, 0x00000007fae00000)
 concurrent-mark-sweep perm gen total 21248K, used 18139K [0x00000007fae00000, 0x00000007fc2c0000, 0x0000000800000000)
Event: 7593.421 GC heap after
Heap after GC invocations=12 (full 0):
 par new generation   total 39296K, used 422K [0x00000007dae00000, 0x00000007dd8a0000, 0x00000007e58a0000)
  eden space 34944K,   0% used [0x00000007dae00000, 0x00000007dae00000, 0x00000007dd020000)
  from space 4352K,   9% used [0x00000007dd020000, 0x00000007dd0899c0, 0x00000007dd460000)
  to   space 4352K,   0% used [0x00000007dd460000, 0x00000007dd460000, 0x00000007dd8a0000)
 concurrent mark-sweep generation total 87424K, used 4428K [0x00000007e58a0000, 0x00000007eae00000, 0x00000007fae00000)
 concurrent-mark-sweep perm gen total 21248K, used 18139K [0x00000007fae00000, 0x00000007fc2c0000, 0x0000000800000000)
}

