# JRE version: Java(TM) SE Runtime Environment (7.0_51-b13) (build 1.7.0_51-b13)
# Java VM: Java HotSpot(TM) 64-Bit Server VM (24.51-b03 mixed mode bsd-amd64 compressed oops)
Heap
 par new generation   total 306688K, used 119772K [0x00000007bae00000, 0x00000007cfac0000, 0x00000007cfac0000)
  eden space 272640K,  41% used [0x00000007bae00000, 0x00000007c1d95de0, 0x00000007cb840000)
  from space 34048K,  16% used [0x00000007cd980000, 0x00000007cdee1400, 0x00000007cfac0000)
  to   space 34048K,   0% used [0x00000007cb840000, 0x00000007cb840000, 0x00000007cd980000)
 concurrent mark-sweep generation total 707840K, used 0K [0x00000007cfac0000, 0x00000007fae00000, 0x00000007fae00000)
 concurrent-mark-sweep perm gen total 32764K, used 21380K [0x00000007fae00000, 0x00000007fcdff000, 0x0000000800000000)
GC Heap History (10 events):
Event: 7.049 GC heap before
{Heap before GC invocations=0 (full 1):
 par new generation   total 306688K, used 185424K [0x00000007bae00000, 0x00000007cfac0000, 0x00000007cfac0000)
  eden space 272640K,  68% used [0x00000007bae00000, 0x00000007c6314398, 0x00000007cb840000)
  from space 34048K,   0% used [0x00000007cb840000, 0x00000007cb840000, 0x00000007cd980000)
  to   space 34048K,   0% used [0x00000007cd980000, 0x00000007cd980000, 0x00000007cfac0000)
 concurrent mark-sweep generation total 707840K, used 0K [0x00000007cfac0000, 0x00000007fae00000, 0x00000007fae00000)
 concurrent-mark-sweep perm gen total 21248K, used 19675K [0x00000007fae00000, 0x00000007fc2c0000, 0x0000000800000000)
Event: 7.068 GC heap after
Heap after GC invocations=1 (full 1):
 par new generation   total 306688K, used 10667K [0x00000007bae00000, 0x00000007cfac0000, 0x00000007cfac0000)
  eden space 272640K,   0% used [0x00000007bae00000, 0x00000007bae00000, 0x00000007cb840000)
  from space 34048K,  31% used [0x00000007cd980000, 0x00000007ce3ead08, 0x00000007cfac0000)
  to   space 34048K,   0% used [0x00000007cb840000, 0x00000007cb840000, 0x00000007cd980000)
 concurrent mark-sweep generation total 707840K, used 0K [0x00000007cfac0000, 0x00000007fae00000, 0x00000007fae00000)
 concurrent-mark-sweep perm gen total 21248K, used 19675K [0x00000007fae00000, 0x00000007fc2c0000, 0x0000000800000000)
}
Event: 2983.360 GC heap before
{Heap before GC invocations=1 (full 1):
 par new generation   total 306688K, used 283307K [0x00000007bae00000, 0x00000007cfac0000, 0x00000007cfac0000)
  eden space 272640K, 100% used [0x00000007bae00000, 0x00000007cb840000, 0x00000007cb840000)
  from space 34048K,  31% used [0x00000007cd980000, 0x00000007ce3ead08, 0x00000007cfac0000)
  to   space 34048K,   0% used [0x00000007cb840000, 0x00000007cb840000, 0x00000007cd980000)
 concurrent mark-sweep generation total 707840K, used 0K [0x00000007cfac0000, 0x00000007fae00000, 0x00000007fae00000)
 concurrent-mark-sweep perm gen total 32764K, used 21286K [0x00000007fae00000, 0x00000007fcdff000, 0x0000000800000000)
Event: 2983.375 GC heap after
Heap after GC invocations=2 (full 1):
 par new generation   total 306688K, used 5998K [0x00000007bae00000, 0x00000007cfac0000, 0x00000007cfac0000)
  eden space 272640K,   0% used [0x00000007bae00000, 0x00000007bae00000, 0x00000007cb840000)
  from space 34048K,  17% used [0x00000007cb840000, 0x00000007cbe1bb28, 0x00000007cd980000)
  to   space 34048K,   0% used [0x00000007cd980000, 0x00000007cd980000, 0x00000007cfac0000)
 concurrent mark-sweep generation total 707840K, used 0K [0x00000007cfac0000, 0x00000007fae00000, 0x00000007fae00000)
 concurrent-mark-sweep perm gen total 32764K, used 21286K [0x00000007fae00000, 0x00000007fcdff000, 0x0000000800000000)
}
Event: 4383.992 GC heap before
{Heap before GC invocations=2 (full 1):
 par new generation   total 306688K, used 278638K [0x00000007bae00000, 0x00000007cfac0000, 0x00000007cfac0000)
  eden space 272640K, 100% used [0x00000007bae00000, 0x00000007cb840000, 0x00000007cb840000)
  from space 34048K,  17% used [0x00000007cb840000, 0x00000007cbe1bb28, 0x00000007cd980000)
  to   space 34048K,   0% used [0x00000007cd980000, 0x00000007cd980000, 0x00000007cfac0000)
 concurrent mark-sweep generation total 707840K, used 0K [0x00000007cfac0000, 0x00000007fae00000, 0x00000007fae00000)
 concurrent-mark-sweep perm gen total 32764K, used 21350K [0x00000007fae00000, 0x00000007fcdff000, 0x0000000800000000)
Event: 4384.003 GC heap after
Heap after GC invocations=3 (full 1):
 par new generation   total 306688K, used 4602K [0x00000007bae00000, 0x00000007cfac0000, 0x00000007cfac0000)
  eden space 272640K,   0% used [0x00000007bae00000, 0x00000007bae00000, 0x00000007cb840000)
  from space 34048K,  13% used [0x00000007cd980000, 0x00000007cddfeb78, 0x00000007cfac0000)
  to   space 34048K,   0% used [0x00000007cb840000, 0x00000007cb840000, 0x00000007cd980000)
 concurrent mark-sweep generation total 707840K, used 0K [0x00000007cfac0000, 0x00000007fae00000, 0x00000007fae00000)
 concurrent-mark-sweep perm gen total 32764K, used 21350K [0x00000007fae00000, 0x00000007fcdff000, 0x0000000800000000)
}
Event: 5897.814 GC heap before
{Heap before GC invocations=3 (full 1):
 par new generation   total 306688K, used 276313K [0x00000007bae00000, 0x00000007cfac0000, 0x00000007cfac0000)
  eden space 272640K,  99% used [0x00000007bae00000, 0x00000007cb757c78, 0x00000007cb840000)
  from space 34048K,  13% used [0x00000007cd980000, 0x00000007cddfeb78, 0x00000007cfac0000)
  to   space 34048K,   0% used [0x00000007cb840000, 0x00000007cb840000, 0x00000007cd980000)
 concurrent mark-sweep generation total 707840K, used 0K [0x00000007cfac0000, 0x00000007fae00000, 0x00000007fae00000)
 concurrent-mark-sweep perm gen total 32764K, used 21369K [0x00000007fae00000, 0x00000007fcdff000, 0x0000000800000000)
Event: 5897.854 GC heap after
Heap after GC invocations=4 (full 1):
 par new generation   total 306688K, used 6008K [0x00000007bae00000, 0x00000007cfac0000, 0x00000007cfac0000)
  eden space 272640K,   0% used [0x00000007bae00000, 0x00000007bae00000, 0x00000007cb840000)
  from space 34048K,  17% used [0x00000007cb840000, 0x00000007cbe1e120, 0x00000007cd980000)
  to   space 34048K,   0% used [0x00000007cd980000, 0x00000007cd980000, 0x00000007cfac0000)
 concurrent mark-sweep generation total 707840K, used 0K [0x00000007cfac0000, 0x00000007fae00000, 0x00000007fae00000)
 concurrent-mark-sweep perm gen total 32764K, used 21369K [0x00000007fae00000, 0x00000007fcdff000, 0x0000000800000000)
}
Event: 7470.836 GC heap before
{Heap before GC invocations=4 (full 1):
 par new generation   total 306688K, used 278648K [0x00000007bae00000, 0x00000007cfac0000, 0x00000007cfac0000)
  eden space 272640K, 100% used [0x00000007bae00000, 0x00000007cb840000, 0x00000007cb840000)
  from space 34048K,  17% used [0x00000007cb840000, 0x00000007cbe1e120, 0x00000007cd980000)
  to   space 34048K,   0% used [0x00000007cd980000, 0x00000007cd980000, 0x00000007cfac0000)
 concurrent mark-sweep generation total 707840K, used 0K [0x00000007cfac0000, 0x00000007fae00000, 0x00000007fae00000)
 concurrent-mark-sweep perm gen total 32764K, used 21370K [0x00000007fae00000, 0x00000007fcdff000, 0x0000000800000000)
Event: 7470.849 GC heap after
Heap after GC invocations=5 (full 1):
 par new generation   total 306688K, used 5509K [0x00000007bae00000, 0x00000007cfac0000, 0x00000007cfac0000)
  eden space 272640K,   0% used [0x00000007bae00000, 0x00000007bae00000, 0x00000007cb840000)
  from space 34048K,  16% used [0x00000007cd980000, 0x00000007cdee1400, 0x00000007cfac0000)
  to   space 34048K,   0% used [0x00000007cb840000, 0x00000007cb840000, 0x00000007cd980000)
 concurrent mark-sweep generation total 707840K, used 0K [0x00000007cfac0000, 0x00000007fae00000, 0x00000007fae00000)
 concurrent-mark-sweep perm gen total 32764K, used 21370K [0x00000007fae00000, 0x00000007fcdff000, 0x0000000800000000)
}

