# JRE version: Java(TM) SE Runtime Environment (7.0_51-b13) (build 1.7.0_51-b13)
# Java VM: Java HotSpot(TM) 64-Bit Server VM (24.51-b03 mixed mode bsd-amd64 compressed oops)
Heap
 par new generation   total 39296K, used 13063K [0x00000007dae00000, 0x00000007dd8a0000, 0x00000007e58a0000)
  eden space 34944K,  35% used [0x00000007dae00000, 0x00000007dba33960, 0x00000007dd020000)
  from space 4352K,  13% used [0x00000007dd460000, 0x00000007dd4ee3f0, 0x00000007dd8a0000)
  to   space 4352K,   0% used [0x00000007dd020000, 0x00000007dd020000, 0x00000007dd460000)
 concurrent mark-sweep generation total 87424K, used 4247K [0x00000007e58a0000, 0x00000007eae00000, 0x00000007fae00000)
 concurrent-mark-sweep perm gen total 21248K, used 18003K [0x00000007fae00000, 0x00000007fc2c0000, 0x0000000800000000)
GC Heap History (6 events):
Event: 0.810 GC heap before
{Heap before GC invocations=0 (full 0):
 par new generation   total 39296K, used 34944K [0x00000007dae00000, 0x00000007dd8a0000, 0x00000007e58a0000)
  eden space 34944K, 100% used [0x00000007dae00000, 0x00000007dd020000, 0x00000007dd020000)
  from space 4352K,   0% used [0x00000007dd020000, 0x00000007dd020000, 0x00000007dd460000)
  to   space 4352K,   0% used [0x00000007dd460000, 0x00000007dd460000, 0x00000007dd8a0000)
 concurrent mark-sweep generation total 87424K, used 0K [0x00000007e58a0000, 0x00000007eae00000, 0x00000007fae00000)
 concurrent-mark-sweep perm gen total 21248K, used 13846K [0x00000007fae00000, 0x00000007fc2c0000, 0x0000000800000000)
Event: 0.819 GC heap after
Heap after GC invocations=1 (full 0):
 par new generation   total 39296K, used 4352K [0x00000007dae00000, 0x00000007dd8a0000, 0x00000007e58a0000)
  eden space 34944K,   0% used [0x00000007dae00000, 0x00000007dae00000, 0x00000007dd020000)
  from space 4352K, 100% used [0x00000007dd460000, 0x00000007dd8a0000, 0x00000007dd8a0000)
  to   space 4352K,   0% used [0x00000007dd020000, 0x00000007dd020000, 0x00000007dd460000)
 concurrent mark-sweep generation total 87424K, used 1846K [0x00000007e58a0000, 0x00000007eae00000, 0x00000007fae00000)
 concurrent-mark-sweep perm gen total 21248K, used 13846K [0x00000007fae00000, 0x00000007fc2c0000, 0x0000000800000000)
}
Event: 70.669 GC heap before
{Heap before GC invocations=1 (full 0):
 par new generation   total 39296K, used 39296K [0x00000007dae00000, 0x00000007dd8a0000, 0x00000007e58a0000)
  eden space 34944K, 100% used [0x00000007dae00000, 0x00000007dd020000, 0x00000007dd020000)
  from space 4352K, 100% used [0x00000007dd460000, 0x00000007dd8a0000, 0x00000007dd8a0000)
  to   space 4352K,   0% used [0x00000007dd020000, 0x00000007dd020000, 0x00000007dd460000)
 concurrent mark-sweep generation total 87424K, used 1846K [0x00000007e58a0000, 0x00000007eae00000, 0x00000007fae00000)
 concurrent-mark-sweep perm gen total 21248K, used 17735K [0x00000007fae00000, 0x00000007fc2c0000, 0x0000000800000000)
Event: 70.687 GC heap after
Heap after GC invocations=2 (full 0):
 par new generation   total 39296K, used 4352K [0x00000007dae00000, 0x00000007dd8a0000, 0x00000007e58a0000)
  eden space 34944K,   0% used [0x00000007dae00000, 0x00000007dae00000, 0x00000007dd020000)
  from space 4352K, 100% used [0x00000007dd020000, 0x00000007dd460000, 0x00000007dd460000)
  to   space 4352K,   0% used [0x00000007dd460000, 0x00000007dd460000, 0x00000007dd8a0000)
 concurrent mark-sweep generation total 87424K, used 3766K [0x00000007e58a0000, 0x00000007eae00000, 0x00000007fae00000)
 concurrent-mark-sweep perm gen total 21248K, used 17735K [0x00000007fae00000, 0x00000007fc2c0000, 0x0000000800000000)
}
Event: 649.779 GC heap before
{Heap before GC invocations=2 (full 0):
 par new generation   total 39296K, used 39296K [0x00000007dae00000, 0x00000007dd8a0000, 0x00000007e58a0000)
  eden space 34944K, 100% used [0x00000007dae00000, 0x00000007dd020000, 0x00000007dd020000)
  from space 4352K, 100% used [0x00000007dd020000, 0x00000007dd460000, 0x00000007dd460000)
  to   space 4352K,   0% used [0x00000007dd460000, 0x00000007dd460000, 0x00000007dd8a0000)
 concurrent mark-sweep generation total 87424K, used 3766K [0x00000007e58a0000, 0x00000007eae00000, 0x00000007fae00000)
 concurrent-mark-sweep perm gen total 21248K, used 17999K [0x00000007fae00000, 0x00000007fc2c0000, 0x0000000800000000)
Event: 649.785 GC heap after
Heap after GC invocations=3 (full 0):
 par new generation   total 39296K, used 568K [0x00000007dae00000, 0x00000007dd8a0000, 0x00000007e58a0000)
  eden space 34944K,   0% used [0x00000007dae00000, 0x00000007dae00000, 0x00000007dd020000)
  from space 4352K,  13% used [0x00000007dd460000, 0x00000007dd4ee3f0, 0x00000007dd8a0000)
  to   space 4352K,   0% used [0x00000007dd020000, 0x00000007dd020000, 0x00000007dd460000)
 concurrent mark-sweep generation total 87424K, used 4247K [0x00000007e58a0000, 0x00000007eae00000, 0x00000007fae00000)
 concurrent-mark-sweep perm gen total 21248K, used 17999K [0x00000007fae00000, 0x00000007fc2c0000, 0x0000000800000000)
}

