# JRE version: Java(TM) SE Runtime Environment (7.0_51-b13) (build 1.7.0_51-b13)
# Java VM: Java HotSpot(TM) 64-Bit Server VM (24.51-b03 mixed mode bsd-amd64 compressed oops)
Heap
 par new generation   total 39296K, used 23465K [0x00000007dae00000, 0x00000007dd8a0000, 0x00000007e58a0000)
  eden space 34944K,  54% used [0x00000007dae00000, 0x00000007dc0aa660, 0x00000007dd020000)
  from space 4352K, 100% used [0x00000007dd020000, 0x00000007dd460000, 0x00000007dd460000)
  to   space 4352K,   0% used [0x00000007dd460000, 0x00000007dd460000, 0x00000007dd8a0000)
 concurrent mark-sweep generation total 87424K, used 3897K [0x00000007e58a0000, 0x00000007eae00000, 0x00000007fae00000)
 concurrent-mark-sweep perm gen total 21248K, used 18116K [0x00000007fae00000, 0x00000007fc2c0000, 0x0000000800000000)
GC Heap History (4 events):
Event: 0.812 GC heap before
{Heap before GC invocations=0 (full 0):
 par new generation   total 39296K, used 34944K [0x00000007dae00000, 0x00000007dd8a0000, 0x00000007e58a0000)
  eden space 34944K, 100% used [0x00000007dae00000, 0x00000007dd020000, 0x00000007dd020000)
  from space 4352K,   0% used [0x00000007dd020000, 0x00000007dd020000, 0x00000007dd460000)
  to   space 4352K,   0% used [0x00000007dd460000, 0x00000007dd460000, 0x00000007dd8a0000)
 concurrent mark-sweep generation total 87424K, used 0K [0x00000007e58a0000, 0x00000007eae00000, 0x00000007fae00000)
 concurrent-mark-sweep perm gen total 21248K, used 13847K [0x00000007fae00000, 0x00000007fc2c0000, 0x0000000800000000)
Event: 0.822 GC heap after
Heap after GC invocations=1 (full 0):
 par new generation   total 39296K, used 4351K [0x00000007dae00000, 0x00000007dd8a0000, 0x00000007e58a0000)
  eden space 34944K,   0% used [0x00000007dae00000, 0x00000007dae00000, 0x00000007dd020000)
  from space 4352K,  99% used [0x00000007dd460000, 0x00000007dd89fff8, 0x00000007dd8a0000)
  to   space 4352K,   0% used [0x00000007dd020000, 0x00000007dd020000, 0x00000007dd460000)
 concurrent mark-sweep generation total 87424K, used 1846K [0x00000007e58a0000, 0x00000007eae00000, 0x00000007fae00000)
 concurrent-mark-sweep perm gen total 21248K, used 13847K [0x00000007fae00000, 0x00000007fc2c0000, 0x0000000800000000)
}
Event: 60.769 GC heap before
{Heap before GC invocations=1 (full 0):
 par new generation   total 39296K, used 39295K [0x00000007dae00000, 0x00000007dd8a0000, 0x00000007e58a0000)
  eden space 34944K, 100% used [0x00000007dae00000, 0x00000007dd020000, 0x00000007dd020000)
  from space 4352K,  99% used [0x00000007dd460000, 0x00000007dd89fff8, 0x00000007dd8a0000)
  to   space 4352K,   0% used [0x00000007dd020000, 0x00000007dd020000, 0x00000007dd460000)
 concurrent mark-sweep generation total 87424K, used 1846K [0x00000007e58a0000, 0x00000007eae00000, 0x00000007fae00000)
 concurrent-mark-sweep perm gen total 21248K, used 17882K [0x00000007fae00000, 0x00000007fc2c0000, 0x0000000800000000)
Event: 60.785 GC heap after
Heap after GC invocations=2 (full 0):
 par new generation   total 39296K, used 4352K [0x00000007dae00000, 0x00000007dd8a0000, 0x00000007e58a0000)
  eden space 34944K,   0% used [0x00000007dae00000, 0x00000007dae00000, 0x00000007dd020000)
  from space 4352K, 100% used [0x00000007dd020000, 0x00000007dd460000, 0x00000007dd460000)
  to   space 4352K,   0% used [0x00000007dd460000, 0x00000007dd460000, 0x00000007dd8a0000)
 concurrent mark-sweep generation total 87424K, used 3897K [0x00000007e58a0000, 0x00000007eae00000, 0x00000007fae00000)
 concurrent-mark-sweep perm gen total 21248K, used 17882K [0x00000007fae00000, 0x00000007fc2c0000, 0x0000000800000000)
}

