# JRE version: Java(TM) SE Runtime Environment (7.0_51-b13) (build 1.7.0_51-b13)
# Java VM: Java HotSpot(TM) 64-Bit Server VM (24.51-b03 mixed mode bsd-amd64 compressed oops)
Heap
 par new generation   total 306688K, used 83196K [0x00000007bae00000, 0x00000007cfac0000, 0x00000007cfac0000)
  eden space 272640K,  29% used [0x00000007bae00000, 0x00000007bfdbd368, 0x00000007cb840000)
  from space 34048K,   4% used [0x00000007cb840000, 0x00000007cb9c1e10, 0x00000007cd980000)
  to   space 34048K,   0% used [0x00000007cd980000, 0x00000007cd980000, 0x00000007cfac0000)
 concurrent mark-sweep generation total 707840K, used 4289K [0x00000007cfac0000, 0x00000007fae00000, 0x00000007fae00000)
 concurrent-mark-sweep perm gen total 32752K, used 21936K [0x00000007fae00000, 0x00000007fcdfc000, 0x0000000800000000)
GC Heap History (10 events):
Event: 716301.894 GC heap before
{Heap before GC invocations=259 (full 1):
 par new generation   total 306688K, used 272729K [0x00000007bae00000, 0x00000007cfac0000, 0x00000007cfac0000)
  eden space 272640K,  99% used [0x00000007bae00000, 0x00000007cb83ec38, 0x00000007cb840000)
  from space 34048K,   0% used [0x00000007cd980000, 0x00000007cd9979d0, 0x00000007cfac0000)
  to   space 34048K,   0% used [0x00000007cb840000, 0x00000007cb840000, 0x00000007cd980000)
 concurrent mark-sweep generation total 707840K, used 4289K [0x00000007cfac0000, 0x00000007fae00000, 0x00000007fae00000)
 concurrent-mark-sweep perm gen total 32752K, used 21763K [0x00000007fae00000, 0x00000007fcdfc000, 0x0000000800000000)
Event: 716301.897 GC heap after
Heap after GC invocations=260 (full 1):
 par new generation   total 306688K, used 98K [0x00000007bae00000, 0x00000007cfac0000, 0x00000007cfac0000)
  eden space 272640K,   0% used [0x00000007bae00000, 0x00000007bae00000, 0x00000007cb840000)
  from space 34048K,   0% used [0x00000007cb840000, 0x00000007cb858840, 0x00000007cd980000)
  to   space 34048K,   0% used [0x00000007cd980000, 0x00000007cd980000, 0x00000007cfac0000)
 concurrent mark-sweep generation total 707840K, used 4289K [0x00000007cfac0000, 0x00000007fae00000, 0x00000007fae00000)
 concurrent-mark-sweep perm gen total 32752K, used 21763K [0x00000007fae00000, 0x00000007fcdfc000, 0x0000000800000000)
}
Event: 717639.312 GC heap before
{Heap before GC invocations=260 (full 1):
 par new generation   total 306688K, used 272738K [0x00000007bae00000, 0x00000007cfac0000, 0x00000007cfac0000)
  eden space 272640K, 100% used [0x00000007bae00000, 0x00000007cb840000, 0x00000007cb840000)
  from space 34048K,   0% used [0x00000007cb840000, 0x00000007cb858840, 0x00000007cd980000)
  to   space 34048K,   0% used [0x00000007cd980000, 0x00000007cd980000, 0x00000007cfac0000)
 concurrent mark-sweep generation total 707840K, used 4289K [0x00000007cfac0000, 0x00000007fae00000, 0x00000007fae00000)
 concurrent-mark-sweep perm gen total 32752K, used 21763K [0x00000007fae00000, 0x00000007fcdfc000, 0x0000000800000000)
Event: 717639.321 GC heap after
Heap after GC invocations=261 (full 1):
 par new generation   total 306688K, used 91K [0x00000007bae00000, 0x00000007cfac0000, 0x00000007cfac0000)
  eden space 272640K,   0% used [0x00000007bae00000, 0x00000007bae00000, 0x00000007cb840000)
  from space 34048K,   0% used [0x00000007cd980000, 0x00000007cd996d48, 0x00000007cfac0000)
  to   space 34048K,   0% used [0x00000007cb840000, 0x00000007cb840000, 0x00000007cd980000)
 concurrent mark-sweep generation total 707840K, used 4289K [0x00000007cfac0000, 0x00000007fae00000, 0x00000007fae00000)
 concurrent-mark-sweep perm gen total 32752K, used 21763K [0x00000007fae00000, 0x00000007fcdfc000, 0x0000000800000000)
}
Event: 718969.679 GC heap before
{Heap before GC invocations=261 (full 1):
 par new generation   total 306688K, used 272731K [0x00000007bae00000, 0x00000007cfac0000, 0x00000007cfac0000)
  eden space 272640K, 100% used [0x00000007bae00000, 0x00000007cb840000, 0x00000007cb840000)
  from space 34048K,   0% used [0x00000007cd980000, 0x00000007cd996d48, 0x00000007cfac0000)
  to   space 34048K,   0% used [0x00000007cb840000, 0x00000007cb840000, 0x00000007cd980000)
 concurrent mark-sweep generation total 707840K, used 4289K [0x00000007cfac0000, 0x00000007fae00000, 0x00000007fae00000)
 concurrent-mark-sweep perm gen total 32752K, used 21763K [0x00000007fae00000, 0x00000007fcdfc000, 0x0000000800000000)
Event: 718969.688 GC heap after
Heap after GC invocations=262 (full 1):
 par new generation   total 306688K, used 98K [0x00000007bae00000, 0x00000007cfac0000, 0x00000007cfac0000)
  eden space 272640K,   0% used [0x00000007bae00000, 0x00000007bae00000, 0x00000007cb840000)
  from space 34048K,   0% used [0x00000007cb840000, 0x00000007cb858828, 0x00000007cd980000)
  to   space 34048K,   0% used [0x00000007cd980000, 0x00000007cd980000, 0x00000007cfac0000)
 concurrent mark-sweep generation total 707840K, used 4289K [0x00000007cfac0000, 0x00000007fae00000, 0x00000007fae00000)
 concurrent-mark-sweep perm gen total 32752K, used 21763K [0x00000007fae00000, 0x00000007fcdfc000, 0x0000000800000000)
}
Event: 732221.896 GC heap before
{Heap before GC invocations=262 (full 1):
 par new generation   total 306688K, used 272725K [0x00000007bae00000, 0x00000007cfac0000, 0x00000007cfac0000)
  eden space 272640K,  99% used [0x00000007bae00000, 0x00000007cb83cc58, 0x00000007cb840000)
  from space 34048K,   0% used [0x00000007cb840000, 0x00000007cb858828, 0x00000007cd980000)
  to   space 34048K,   0% used [0x00000007cd980000, 0x00000007cd980000, 0x00000007cfac0000)
 concurrent mark-sweep generation total 707840K, used 4289K [0x00000007cfac0000, 0x00000007fae00000, 0x00000007fae00000)
 concurrent-mark-sweep perm gen total 32752K, used 21933K [0x00000007fae00000, 0x00000007fcdfc000, 0x0000000800000000)
Event: 732221.904 GC heap after
Heap after GC invocations=263 (full 1):
 par new generation   total 306688K, used 1028K [0x00000007bae00000, 0x00000007cfac0000, 0x00000007cfac0000)
  eden space 272640K,   0% used [0x00000007bae00000, 0x00000007bae00000, 0x00000007cb840000)
  from space 34048K,   3% used [0x00000007cd980000, 0x00000007cda81230, 0x00000007cfac0000)
  to   space 34048K,   0% used [0x00000007cb840000, 0x00000007cb840000, 0x00000007cd980000)
 concurrent mark-sweep generation total 707840K, used 4289K [0x00000007cfac0000, 0x00000007fae00000, 0x00000007fae00000)
 concurrent-mark-sweep perm gen total 32752K, used 21933K [0x00000007fae00000, 0x00000007fcdfc000, 0x0000000800000000)
}
Event: 758725.551 GC heap before
{Heap before GC invocations=263 (full 1):
 par new generation   total 306688K, used 273668K [0x00000007bae00000, 0x00000007cfac0000, 0x00000007cfac0000)
  eden space 272640K, 100% used [0x00000007bae00000, 0x00000007cb840000, 0x00000007cb840000)
  from space 34048K,   3% used [0x00000007cd980000, 0x00000007cda81230, 0x00000007cfac0000)
  to   space 34048K,   0% used [0x00000007cb840000, 0x00000007cb840000, 0x00000007cd980000)
 concurrent mark-sweep generation total 707840K, used 4289K [0x00000007cfac0000, 0x00000007fae00000, 0x00000007fae00000)
 concurrent-mark-sweep perm gen total 32752K, used 21933K [0x00000007fae00000, 0x00000007fcdfc000, 0x0000000800000000)
Event: 758725.560 GC heap after
Heap after GC invocations=264 (full 1):
 par new generation   total 306688K, used 1543K [0x00000007bae00000, 0x00000007cfac0000, 0x00000007cfac0000)
  eden space 272640K,   0% used [0x00000007bae00000, 0x00000007bae00000, 0x00000007cb840000)
  from space 34048K,   4% used [0x00000007cb840000, 0x00000007cb9c1e10, 0x00000007cd980000)
  to   space 34048K,   0% used [0x00000007cd980000, 0x00000007cd980000, 0x00000007cfac0000)
 concurrent mark-sweep generation total 707840K, used 4289K [0x00000007cfac0000, 0x00000007fae00000, 0x00000007fae00000)
 concurrent-mark-sweep perm gen total 32752K, used 21933K [0x00000007fae00000, 0x00000007fcdfc000, 0x0000000800000000)
}

