# JRE version: Java(TM) SE Runtime Environment (7.0_51-b13) (build 1.7.0_51-b13)
# Java VM: Java HotSpot(TM) 64-Bit Server VM (24.51-b03 mixed mode bsd-amd64 compressed oops)
Heap
 par new generation   total 306688K, used 27212K [0x00000007bae00000, 0x00000007cfac0000, 0x00000007cfac0000)
  eden space 272640K,   9% used [0x00000007bae00000, 0x00000007bc815640, 0x00000007cb840000)
  from space 34048K,   1% used [0x00000007cb840000, 0x00000007cb8bdbc8, 0x00000007cd980000)
  to   space 34048K,   0% used [0x00000007cd980000, 0x00000007cd980000, 0x00000007cfac0000)
 concurrent mark-sweep generation total 707840K, used 5763K [0x00000007cfac0000, 0x00000007fae00000, 0x00000007fae00000)
 concurrent-mark-sweep perm gen total 32664K, used 21732K [0x00000007fae00000, 0x00000007fcde6000, 0x0000000800000000)
GC Heap History (10 events):
Event: 311987.966 GC heap before
{Heap before GC invocations=63 (full 1):
 par new generation   total 306688K, used 272734K [0x00000007bae00000, 0x00000007cfac0000, 0x00000007cfac0000)
  eden space 272640K, 100% used [0x00000007bae00000, 0x00000007cb840000, 0x00000007cb840000)
  from space 34048K,   0% used [0x00000007cd980000, 0x00000007cd997958, 0x00000007cfac0000)
  to   space 34048K,   0% used [0x00000007cb840000, 0x00000007cb840000, 0x00000007cd980000)
 concurrent mark-sweep generation total 707840K, used 5763K [0x00000007cfac0000, 0x00000007fae00000, 0x00000007fae00000)
 concurrent-mark-sweep perm gen total 32664K, used 21732K [0x00000007fae00000, 0x00000007fcde6000, 0x0000000800000000)
Event: 311987.972 GC heap after
Heap after GC invocations=64 (full 1):
 par new generation   total 306688K, used 84K [0x00000007bae00000, 0x00000007cfac0000, 0x00000007cfac0000)
  eden space 272640K,   0% used [0x00000007bae00000, 0x00000007bae00000, 0x00000007cb840000)
  from space 34048K,   0% used [0x00000007cb840000, 0x00000007cb8550f0, 0x00000007cd980000)
  to   space 34048K,   0% used [0x00000007cd980000, 0x00000007cd980000, 0x00000007cfac0000)
 concurrent mark-sweep generation total 707840K, used 5763K [0x00000007cfac0000, 0x00000007fae00000, 0x00000007fae00000)
 concurrent-mark-sweep perm gen total 32664K, used 21732K [0x00000007fae00000, 0x00000007fcde6000, 0x0000000800000000)
}
Event: 313151.617 GC heap before
{Heap before GC invocations=64 (full 1):
 par new generation   total 306688K, used 272724K [0x00000007bae00000, 0x00000007cfac0000, 0x00000007cfac0000)
  eden space 272640K, 100% used [0x00000007bae00000, 0x00000007cb840000, 0x00000007cb840000)
  from space 34048K,   0% used [0x00000007cb840000, 0x00000007cb8550f0, 0x00000007cd980000)
  to   space 34048K,   0% used [0x00000007cd980000, 0x00000007cd980000, 0x00000007cfac0000)
 concurrent mark-sweep generation total 707840K, used 5763K [0x00000007cfac0000, 0x00000007fae00000, 0x00000007fae00000)
 concurrent-mark-sweep perm gen total 32664K, used 21732K [0x00000007fae00000, 0x00000007fcde6000, 0x0000000800000000)
Event: 313151.622 GC heap after
Heap after GC invocations=65 (full 1):
 par new generation   total 306688K, used 87K [0x00000007bae00000, 0x00000007cfac0000, 0x00000007cfac0000)
  eden space 272640K,   0% used [0x00000007bae00000, 0x00000007bae00000, 0x00000007cb840000)
  from space 34048K,   0% used [0x00000007cd980000, 0x00000007cd995fa8, 0x00000007cfac0000)
  to   space 34048K,   0% used [0x00000007cb840000, 0x00000007cb840000, 0x00000007cd980000)
 concurrent mark-sweep generation total 707840K, used 5763K [0x00000007cfac0000, 0x00000007fae00000, 0x00000007fae00000)
 concurrent-mark-sweep perm gen total 32664K, used 21732K [0x00000007fae00000, 0x00000007fcde6000, 0x0000000800000000)
}
Event: 319318.467 GC heap before
{Heap before GC invocations=65 (full 1):
 par new generation   total 306688K, used 272727K [0x00000007bae00000, 0x00000007cfac0000, 0x00000007cfac0000)
  eden space 272640K, 100% used [0x00000007bae00000, 0x00000007cb840000, 0x00000007cb840000)
  from space 34048K,   0% used [0x00000007cd980000, 0x00000007cd995fa8, 0x00000007cfac0000)
  to   space 34048K,   0% used [0x00000007cb840000, 0x00000007cb840000, 0x00000007cd980000)
 concurrent mark-sweep generation total 707840K, used 5763K [0x00000007cfac0000, 0x00000007fae00000, 0x00000007fae00000)
 concurrent-mark-sweep perm gen total 32664K, used 21732K [0x00000007fae00000, 0x00000007fcde6000, 0x0000000800000000)
Event: 319318.473 GC heap after
Heap after GC invocations=66 (full 1):
 par new generation   total 306688K, used 373K [0x00000007bae00000, 0x00000007cfac0000, 0x00000007cfac0000)
  eden space 272640K,   0% used [0x00000007bae00000, 0x00000007bae00000, 0x00000007cb840000)
  from space 34048K,   1% used [0x00000007cb840000, 0x00000007cb89d468, 0x00000007cd980000)
  to   space 34048K,   0% used [0x00000007cd980000, 0x00000007cd980000, 0x00000007cfac0000)
 concurrent mark-sweep generation total 707840K, used 5763K [0x00000007cfac0000, 0x00000007fae00000, 0x00000007fae00000)
 concurrent-mark-sweep perm gen total 32664K, used 21732K [0x00000007fae00000, 0x00000007fcde6000, 0x0000000800000000)
}
Event: 329916.617 GC heap before
{Heap before GC invocations=66 (full 1):
 par new generation   total 306688K, used 273013K [0x00000007bae00000, 0x00000007cfac0000, 0x00000007cfac0000)
  eden space 272640K, 100% used [0x00000007bae00000, 0x00000007cb840000, 0x00000007cb840000)
  from space 34048K,   1% used [0x00000007cb840000, 0x00000007cb89d468, 0x00000007cd980000)
  to   space 34048K,   0% used [0x00000007cd980000, 0x00000007cd980000, 0x00000007cfac0000)
 concurrent mark-sweep generation total 707840K, used 5763K [0x00000007cfac0000, 0x00000007fae00000, 0x00000007fae00000)
 concurrent-mark-sweep perm gen total 32664K, used 21732K [0x00000007fae00000, 0x00000007fcde6000, 0x0000000800000000)
Event: 329916.622 GC heap after
Heap after GC invocations=67 (full 1):
 par new generation   total 306688K, used 640K [0x00000007bae00000, 0x00000007cfac0000, 0x00000007cfac0000)
  eden space 272640K,   0% used [0x00000007bae00000, 0x00000007bae00000, 0x00000007cb840000)
  from space 34048K,   1% used [0x00000007cd980000, 0x00000007cda20258, 0x00000007cfac0000)
  to   space 34048K,   0% used [0x00000007cb840000, 0x00000007cb840000, 0x00000007cd980000)
 concurrent mark-sweep generation total 707840K, used 5763K [0x00000007cfac0000, 0x00000007fae00000, 0x00000007fae00000)
 concurrent-mark-sweep perm gen total 32664K, used 21732K [0x00000007fae00000, 0x00000007fcde6000, 0x0000000800000000)
}
Event: 337512.966 GC heap before
{Heap before GC invocations=67 (full 1):
 par new generation   total 306688K, used 273280K [0x00000007bae00000, 0x00000007cfac0000, 0x00000007cfac0000)
  eden space 272640K, 100% used [0x00000007bae00000, 0x00000007cb840000, 0x00000007cb840000)
  from space 34048K,   1% used [0x00000007cd980000, 0x00000007cda20258, 0x00000007cfac0000)
  to   space 34048K,   0% used [0x00000007cb840000, 0x00000007cb840000, 0x00000007cd980000)
 concurrent mark-sweep generation total 707840K, used 5763K [0x00000007cfac0000, 0x00000007fae00000, 0x00000007fae00000)
 concurrent-mark-sweep perm gen total 32664K, used 21732K [0x00000007fae00000, 0x00000007fcde6000, 0x0000000800000000)
Event: 337512.971 GC heap after
Heap after GC invocations=68 (full 1):
 par new generation   total 306688K, used 502K [0x00000007bae00000, 0x00000007cfac0000, 0x00000007cfac0000)
  eden space 272640K,   0% used [0x00000007bae00000, 0x00000007bae00000, 0x00000007cb840000)
  from space 34048K,   1% used [0x00000007cb840000, 0x00000007cb8bdbc8, 0x00000007cd980000)
  to   space 34048K,   0% used [0x00000007cd980000, 0x00000007cd980000, 0x00000007cfac0000)
 concurrent mark-sweep generation total 707840K, used 5763K [0x00000007cfac0000, 0x00000007fae00000, 0x00000007fae00000)
 concurrent-mark-sweep perm gen total 32664K, used 21732K [0x00000007fae00000, 0x00000007fcde6000, 0x0000000800000000)
}

